"../../../Engine/Content/EngineResources/DefaultTextureCube.uasset" 0
"../../../Engine/Content/EngineResources/DefaultTextureCube.uexp" 1
"../../../Engine/Content/EngineResources/DefaultVolumeTexture2D.uasset" 2
"../../../Engine/Content/EngineResources/DefaultVolumeTexture2D.uexp" 3
"../../../Engine/Content/EngineResources/DefaultVolumeTexture.uasset" 4
"../../../Engine/Content/EngineResources/DefaultVolumeTexture.uexp" 5
"../../../Engine/Content/EngineMeshes/Sphere.uasset" 6
"../../../Engine/Content/EngineMeshes/Sphere.uexp" 7
"../../../Engine/Content/EngineResources/GradientTexture0.uasset" 8
"../../../Engine/Content/EngineResources/GradientTexture0.uexp" 9
"../../../Engine/Content/EngineResources/Black.uasset" 10
"../../../Engine/Content/EngineResources/Black.uexp" 11
"../../../Engine/Content/EngineMaterials/T_Default_Material_Grid_M.ubulk" 12
"../../../Engine/Content/EngineMaterials/T_Default_Material_Grid_M.uasset" 13
"../../../Engine/Content/EngineMaterials/T_Default_Material_Grid_M.uexp" 14
"../../../Engine/Content/EngineMaterials/T_Default_Material_Grid_N.ubulk" 15
"../../../Engine/Content/EngineMaterials/T_Default_Material_Grid_N.uasset" 16
"../../../Engine/Content/EngineMaterials/T_Default_Material_Grid_N.uexp" 17
"../../../Engine/Content/Functions/Engine_MaterialFunctions01/Opacity/CameraDepthFade.uasset" 18
"../../../Engine/Content/Functions/Engine_MaterialFunctions01/Opacity/CameraDepthFade.uexp" 19
"../../../Engine/Content/EngineMaterials/WorldGridMaterial.uasset" 20
"../../../Engine/Content/EngineMaterials/WorldGridMaterial.uexp" 21
"../../../Engine/Content/ArtTools/RenderToTexture/Meshes/S_1_Unit_Plane.uasset" 22
"../../../Engine/Content/ArtTools/RenderToTexture/Meshes/S_1_Unit_Plane.uexp" 23
"../../../Engine/Plugins/Media/MediaPlate/Content/SM_MediaPlateScreen.uasset" 24
"../../../Engine/Plugins/Media/MediaPlate/Content/SM_MediaPlateScreen.uexp" 25
"../../../Engine/Content/EngineMaterials/DefaultBokeh.uasset" 26
"../../../Engine/Content/EngineMaterials/DefaultBokeh.uexp" 27
"../../../Engine/Content/EngineMaterials/MiniFont.uasset" 28
"../../../Engine/Content/EngineMaterials/MiniFont.uexp" 29
"../../../Engine/Content/EngineMaterials/WeightMapPlaceholderTexture.uasset" 30
"../../../Engine/Content/EngineMaterials/WeightMapPlaceholderTexture.uexp" 31
"../../../Engine/Content/EngineMaterials/WeightMapArrayPlaceholderTexture.uasset" 32
"../../../Engine/Content/EngineMaterials/WeightMapArrayPlaceholderTexture.uexp" 33
"../../../Engine/Content/EngineMaterials/DefaultWhiteGrid.ubulk" 34
"../../../Engine/Content/EngineMaterials/DefaultWhiteGrid.uasset" 35
"../../../Engine/Content/EngineMaterials/DefaultWhiteGrid.uexp" 36
"../../../Engine/Content/EngineMaterials/PreintegratedSkinBRDF.uasset" 37
"../../../Engine/Content/EngineMaterials/PreintegratedSkinBRDF.uexp" 38
"../../../Engine/Plugins/Runtime/MeshModelingToolset/Content/Materials/M_DynamicMeshComponentVtxColor.uasset" 39
"../../../Engine/Plugins/Runtime/MeshModelingToolset/Content/Materials/M_DynamicMeshComponentVtxColor.uexp" 40
"../../../Engine/Plugins/Interchange/Runtime/Content/Pipelines/DefaultTexturePipeline.uasset" 41
"../../../Engine/Plugins/Interchange/Runtime/Content/Pipelines/DefaultTexturePipeline.uexp" 42
"../../../Engine/Plugins/Interchange/Runtime/Content/Pipelines/DefaultSceneLevelPipeline.uasset" 43
"../../../Engine/Plugins/Interchange/Runtime/Content/Pipelines/DefaultSceneLevelPipeline.uexp" 44
"../../../Engine/Plugins/Interchange/Runtime/Content/Pipelines/DefaultSceneAssetsPipeline.uasset" 45
"../../../Engine/Plugins/Interchange/Runtime/Content/Pipelines/DefaultSceneAssetsPipeline.uexp" 46
"../../../Engine/Plugins/Interchange/Runtime/Content/Pipelines/DefaultMaterialXPipeline.uasset" 47
"../../../Engine/Plugins/Interchange/Runtime/Content/Pipelines/DefaultMaterialXPipeline.uexp" 48
"../../../Engine/Plugins/Interchange/Runtime/Content/Pipelines/DefaultMaterialPipeline.uasset" 49
"../../../Engine/Plugins/Interchange/Runtime/Content/Pipelines/DefaultMaterialPipeline.uexp" 50
"../../../Engine/Plugins/Interchange/Runtime/Content/Pipelines/DefaultGLTFSceneAssetsPipeline.uasset" 51
"../../../Engine/Plugins/Interchange/Runtime/Content/Pipelines/DefaultGLTFSceneAssetsPipeline.uexp" 52
"../../../Engine/Plugins/Interchange/Runtime/Content/Pipelines/DefaultGLTFPipeline.uasset" 53
"../../../Engine/Plugins/Interchange/Runtime/Content/Pipelines/DefaultGLTFPipeline.uexp" 54
"../../../Engine/Plugins/Interchange/Runtime/Content/Pipelines/DefaultGLTFAssetsPipeline.uasset" 55
"../../../Engine/Plugins/Interchange/Runtime/Content/Pipelines/DefaultGLTFAssetsPipeline.uexp" 56
"../../../Engine/Plugins/Interchange/Runtime/Content/Pipelines/DefaultAssetsPipeline.uasset" 57
"../../../Engine/Plugins/Interchange/Runtime/Content/Pipelines/DefaultAssetsPipeline.uexp" 58
"../../../Engine/Plugins/Interchange/Runtime/Content/gltf/MaterialFunctions/MF_RotateV2.uasset" 59
"../../../Engine/Plugins/Interchange/Runtime/Content/gltf/MaterialFunctions/MF_RotateV2.uexp" 60
"../../../Engine/Plugins/Interchange/Runtime/Content/gltf/MaterialFunctions/MF_TransformUVs.uasset" 61
"../../../Engine/Plugins/Interchange/Runtime/Content/gltf/MaterialFunctions/MF_TransformUVs.uexp" 62
"../../../Engine/Plugins/Interchange/Runtime/Content/gltf/Textures/T_White_srgb.uasset" 63
"../../../Engine/Plugins/Interchange/Runtime/Content/gltf/Textures/T_White_srgb.uexp" 64
"../../../Engine/Plugins/Interchange/Runtime/Content/gltf/MaterialFunctions/MF_BaseColor.uasset" 65
"../../../Engine/Plugins/Interchange/Runtime/Content/gltf/MaterialFunctions/MF_BaseColor.uexp" 66
"../../../Engine/Plugins/Interchange/Runtime/Content/gltf/MaterialBodies/MF_Unlit_Body.uasset" 67
"../../../Engine/Plugins/Interchange/Runtime/Content/gltf/MaterialBodies/MF_Unlit_Body.uexp" 68
"../../../Engine/Plugins/Interchange/Runtime/Content/gltf/M_Unlit.uasset" 69
"../../../Engine/Plugins/Interchange/Runtime/Content/gltf/M_Unlit.uexp" 70
"../../../Engine/Plugins/Interchange/Runtime/Content/gltf/MaterialInstances/MI_Unlit_Opaque_DS.uasset" 71
"../../../Engine/Plugins/Interchange/Runtime/Content/gltf/MaterialInstances/MI_Unlit_Opaque_DS.uexp" 72
"../../../Engine/Plugins/Interchange/Runtime/Content/gltf/MaterialInstances/MI_Unlit_Opaque.uasset" 73
"../../../Engine/Plugins/Interchange/Runtime/Content/gltf/MaterialInstances/MI_Unlit_Opaque.uexp" 74
"../../../Engine/Plugins/Interchange/Runtime/Content/gltf/MaterialInstances/MI_Unlit_Mask_DS.uasset" 75
"../../../Engine/Plugins/Interchange/Runtime/Content/gltf/MaterialInstances/MI_Unlit_Mask_DS.uexp" 76
"../../../Engine/Plugins/Interchange/Runtime/Content/gltf/MaterialInstances/MI_Unlit_Mask.uasset" 77
"../../../Engine/Plugins/Interchange/Runtime/Content/gltf/MaterialInstances/MI_Unlit_Mask.uexp" 78
"../../../Engine/Plugins/Interchange/Runtime/Content/gltf/MaterialInstances/MI_Unlit_Blend_DS.uasset" 79
"../../../Engine/Plugins/Interchange/Runtime/Content/gltf/MaterialInstances/MI_Unlit_Blend_DS.uexp" 80
"../../../Engine/Plugins/Interchange/Runtime/Content/gltf/MaterialInstances/MI_Unlit_Blend.uasset" 81
"../../../Engine/Plugins/Interchange/Runtime/Content/gltf/MaterialInstances/MI_Unlit_Blend.uexp" 82
"../../../Engine/Content/Functions/Engine_MaterialFunctions02/Utility/BreakOutFloat3Components.uasset" 83
"../../../Engine/Content/Functions/Engine_MaterialFunctions02/Utility/BreakOutFloat3Components.uexp" 84
"../../../Engine/Content/Functions/Engine_MaterialFunctions02/Math/Transform3x3Matrix.uasset" 85
"../../../Engine/Content/Functions/Engine_MaterialFunctions02/Math/Transform3x3Matrix.uexp" 86
"../../../Engine/Content/Functions/Engine_MaterialFunctions02/Utility/CameraDirectionVector.uasset" 87
"../../../Engine/Content/Functions/Engine_MaterialFunctions02/Utility/CameraDirectionVector.uexp" 88
"../../../Engine/Plugins/Interchange/Runtime/Content/Utilities/New_LUT.uasset" 89
"../../../Engine/Plugins/Interchange/Runtime/Content/Utilities/New_LUT.uexp" 90
"../../../Engine/Content/Functions/Engine_MaterialFunctions03/Math/RemapValueRange.uasset" 91
"../../../Engine/Content/Functions/Engine_MaterialFunctions03/Math/RemapValueRange.uexp" 92
"../../../Engine/Plugins/Interchange/Runtime/Content/Functions/MF_Iridescence.uasset" 93
"../../../Engine/Plugins/Interchange/Runtime/Content/Functions/MF_Iridescence.uexp" 94
"../../../Engine/Plugins/Interchange/Runtime/Content/gltf/MaterialFunctions/MF_Iridescence.uasset" 95
"../../../Engine/Plugins/Interchange/Runtime/Content/gltf/MaterialFunctions/MF_Iridescence.uexp" 96
"../../../Engine/Plugins/Interchange/Runtime/Content/gltf/Textures/T_White_Linear.uasset" 97
"../../../Engine/Plugins/Interchange/Runtime/Content/gltf/Textures/T_White_Linear.uexp" 98
"../../../Engine/Plugins/Interchange/Runtime/Content/gltf/MaterialFunctions/MF_MetallicRoughness.uasset" 99
"../../../Engine/Plugins/Interchange/Runtime/Content/gltf/MaterialFunctions/MF_MetallicRoughness.uexp" 100
"../../../Engine/Plugins/Interchange/Runtime/Content/gltf/MaterialFunctions/MF_Transmission.uasset" 101
"../../../Engine/Plugins/Interchange/Runtime/Content/gltf/MaterialFunctions/MF_Transmission.uexp" 102
"../../../Engine/Plugins/Interchange/Runtime/Content/gltf/MaterialFunctions/MF_Occlusion.uasset" 103
"../../../Engine/Plugins/Interchange/Runtime/Content/gltf/MaterialFunctions/MF_Occlusion.uexp" 104
"../../../Engine/Content/EngineMaterials/Good64x64TilingNoiseHighFreq.uasset" 105
"../../../Engine/Content/EngineMaterials/Good64x64TilingNoiseHighFreq.uexp" 106
"../../../Engine/Content/Functions/Engine_MaterialFunctions02/Texturing/ScreenAlignedPixelToPixelUVs.uasset" 107
"../../../Engine/Content/Functions/Engine_MaterialFunctions02/Texturing/ScreenAlignedPixelToPixelUVs.uexp" 108
"../../../Engine/Plugins/Interchange/Runtime/Content/gltf/MaterialFunctions/MF_Temporal_Blur.uasset" 109
"../../../Engine/Plugins/Interchange/Runtime/Content/gltf/MaterialFunctions/MF_Temporal_Blur.uexp" 110
"../../../Engine/Plugins/Interchange/Runtime/Content/gltf/MaterialFunctions/MF_Specular.uasset" 111
"../../../Engine/Plugins/Interchange/Runtime/Content/gltf/MaterialFunctions/MF_Specular.uexp" 112
"../../../Engine/Plugins/Interchange/Runtime/Content/gltf/MaterialFunctions/MF_IOR.uasset" 113
"../../../Engine/Plugins/Interchange/Runtime/Content/gltf/MaterialFunctions/MF_IOR.uexp" 114
"../../../Engine/Plugins/Interchange/Runtime/Content/gltf/MaterialFunctions/MF_Fresnel_DS.uasset" 115
"../../../Engine/Plugins/Interchange/Runtime/Content/gltf/MaterialFunctions/MF_Fresnel_DS.uexp" 116
"../../../Engine/Content/Functions/Engine_MaterialFunctions02/Utility/MakeFloat3.uasset" 117
"../../../Engine/Content/Functions/Engine_MaterialFunctions02/Utility/MakeFloat3.uexp" 118
"../../../Engine/Plugins/Interchange/Runtime/Content/gltf/MaterialFunctions/MF_RotateNormals_TS.uasset" 119
"../../../Engine/Plugins/Interchange/Runtime/Content/gltf/MaterialFunctions/MF_RotateNormals_TS.uexp" 120
"../../../Engine/Plugins/Interchange/Runtime/Content/gltf/Textures/T_Generic_N.uasset" 121
"../../../Engine/Plugins/Interchange/Runtime/Content/gltf/Textures/T_Generic_N.uexp" 122
"../../../Engine/Plugins/Interchange/Runtime/Content/gltf/MaterialFunctions/MF_Normals.uasset" 123
"../../../Engine/Plugins/Interchange/Runtime/Content/gltf/MaterialFunctions/MF_Normals.uexp" 124
"../../../Engine/Plugins/Interchange/Runtime/Content/gltf/MaterialBodies/MF_Transmission_Body.uasset" 125
"../../../Engine/Plugins/Interchange/Runtime/Content/gltf/MaterialBodies/MF_Transmission_Body.uexp" 126
"../../../Engine/Plugins/Interchange/Runtime/Content/gltf/M_Transmission.uasset" 127
"../../../Engine/Plugins/Interchange/Runtime/Content/gltf/M_Transmission.uexp" 128
"../../../Engine/Plugins/Interchange/Runtime/Content/gltf/MaterialInstances/MI_Transmission_DS.uasset" 129
"../../../Engine/Plugins/Interchange/Runtime/Content/gltf/MaterialInstances/MI_Transmission_DS.uexp" 130
"../../../Engine/Plugins/Interchange/Runtime/Content/gltf/MaterialInstances/MI_Transmission.uasset" 131
"../../../Engine/Plugins/Interchange/Runtime/Content/gltf/MaterialInstances/MI_Transmission.uexp" 132
"../../../Engine/Plugins/Interchange/Runtime/Content/gltf/MaterialFunctions/MF_DiffuseSpecGloss.uasset" 133
"../../../Engine/Plugins/Interchange/Runtime/Content/gltf/MaterialFunctions/MF_DiffuseSpecGloss.uexp" 134
"../../../Engine/Content/Functions/Engine_MaterialFunctions02/Math/AddComponents.uasset" 135
"../../../Engine/Content/Functions/Engine_MaterialFunctions02/Math/AddComponents.uexp" 136
"../../../Engine/Plugins/Interchange/Runtime/Content/gltf/MaterialFunctions/MF_PerceivedBrightness.uasset" 137
"../../../Engine/Plugins/Interchange/Runtime/Content/gltf/MaterialFunctions/MF_PerceivedBrightness.uexp" 138
"../../../Engine/Plugins/Interchange/Runtime/Content/gltf/MaterialFunctions/MF_Emissive.uasset" 139
"../../../Engine/Plugins/Interchange/Runtime/Content/gltf/MaterialFunctions/MF_Emissive.uexp" 140
"../../../Engine/Plugins/Interchange/Runtime/Content/gltf/MaterialFunctions/MF_SpecGlossToMetalRoughness.uasset" 141
"../../../Engine/Plugins/Interchange/Runtime/Content/gltf/MaterialFunctions/MF_SpecGlossToMetalRoughness.uexp" 142
"../../../Engine/Plugins/Interchange/Runtime/Content/gltf/MaterialBodies/MF_SpecularGlossiness_Body.uasset" 143
"../../../Engine/Plugins/Interchange/Runtime/Content/gltf/MaterialBodies/MF_SpecularGlossiness_Body.uexp" 144
"../../../Engine/Plugins/Interchange/Runtime/Content/gltf/M_SpecularGlossiness.uasset" 145
"../../../Engine/Plugins/Interchange/Runtime/Content/gltf/M_SpecularGlossiness.uexp" 146
"../../../Engine/Plugins/Interchange/Runtime/Content/gltf/MaterialInstances/MI_SpecularGlossiness_Opaque_DS.uasset" 147
"../../../Engine/Plugins/Interchange/Runtime/Content/gltf/MaterialInstances/MI_SpecularGlossiness_Opaque_DS.uexp" 148
"../../../Engine/Plugins/Interchange/Runtime/Content/gltf/MaterialInstances/MI_SpecularGlossiness_Opaque.uasset" 149
"../../../Engine/Plugins/Interchange/Runtime/Content/gltf/MaterialInstances/MI_SpecularGlossiness_Opaque.uexp" 150
"../../../Engine/Plugins/Interchange/Runtime/Content/gltf/MaterialInstances/MI_SpecularGlossiness_Mask_DS.uasset" 151
"../../../Engine/Plugins/Interchange/Runtime/Content/gltf/MaterialInstances/MI_SpecularGlossiness_Mask_DS.uexp" 152
"../../../Engine/Plugins/Interchange/Runtime/Content/gltf/MaterialInstances/MI_SpecularGlossiness_Mask.uasset" 153
"../../../Engine/Plugins/Interchange/Runtime/Content/gltf/MaterialInstances/MI_SpecularGlossiness_Mask.uexp" 154
"../../../Engine/Plugins/Interchange/Runtime/Content/gltf/MaterialInstances/MI_SpecularGlossiness_Blend_DS.uasset" 155
"../../../Engine/Plugins/Interchange/Runtime/Content/gltf/MaterialInstances/MI_SpecularGlossiness_Blend_DS.uexp" 156
"../../../Engine/Plugins/Interchange/Runtime/Content/gltf/MaterialInstances/MI_SpecularGlossiness_Blend.uasset" 157
"../../../Engine/Plugins/Interchange/Runtime/Content/gltf/MaterialInstances/MI_SpecularGlossiness_Blend.uexp" 158
"../../../Engine/Plugins/Interchange/Runtime/Content/gltf/MaterialFunctions/MF_Sheen.uasset" 159
"../../../Engine/Plugins/Interchange/Runtime/Content/gltf/MaterialFunctions/MF_Sheen.uexp" 160
"../../../Engine/Plugins/Interchange/Runtime/Content/gltf/MaterialBodies/MF_Sheen_Body.uasset" 161
"../../../Engine/Plugins/Interchange/Runtime/Content/gltf/MaterialBodies/MF_Sheen_Body.uexp" 162
"../../../Engine/Plugins/Interchange/Runtime/Content/gltf/M_Sheen.uasset" 163
"../../../Engine/Plugins/Interchange/Runtime/Content/gltf/M_Sheen.uexp" 164
"../../../Engine/Plugins/Interchange/Runtime/Content/gltf/MaterialInstances/MI_Sheen_Opaque_DS.uasset" 165
"../../../Engine/Plugins/Interchange/Runtime/Content/gltf/MaterialInstances/MI_Sheen_Opaque_DS.uexp" 166
"../../../Engine/Plugins/Interchange/Runtime/Content/gltf/MaterialInstances/MI_Sheen_Opaque.uasset" 167
"../../../Engine/Plugins/Interchange/Runtime/Content/gltf/MaterialInstances/MI_Sheen_Opaque.uexp" 168
"../../../Engine/Plugins/Interchange/Runtime/Content/gltf/MaterialInstances/MI_Sheen_Mask_DS.uasset" 169
"../../../Engine/Plugins/Interchange/Runtime/Content/gltf/MaterialInstances/MI_Sheen_Mask_DS.uexp" 170
"../../../Engine/Plugins/Interchange/Runtime/Content/gltf/MaterialInstances/MI_Sheen_Mask.uasset" 171
"../../../Engine/Plugins/Interchange/Runtime/Content/gltf/MaterialInstances/MI_Sheen_Mask.uexp" 172
"../../../Engine/Plugins/Interchange/Runtime/Content/gltf/MaterialInstances/MI_Sheen_Blend_DS.uasset" 173
"../../../Engine/Plugins/Interchange/Runtime/Content/gltf/MaterialInstances/MI_Sheen_Blend_DS.uexp" 174
"../../../Engine/Plugins/Interchange/Runtime/Content/gltf/MaterialInstances/MI_Sheen_Blend.uasset" 175
"../../../Engine/Plugins/Interchange/Runtime/Content/gltf/MaterialInstances/MI_Sheen_Blend.uexp" 176
"../../../Engine/Plugins/Interchange/Runtime/Content/gltf/MaterialBodies/MF_Default_Body.uasset" 177
"../../../Engine/Plugins/Interchange/Runtime/Content/gltf/MaterialBodies/MF_Default_Body.uexp" 178
"../../../Engine/Plugins/Interchange/Runtime/Content/gltf/M_Default.uasset" 179
"../../../Engine/Plugins/Interchange/Runtime/Content/gltf/M_Default.uexp" 180
"../../../Engine/Plugins/Interchange/Runtime/Content/gltf/MaterialInstances/MI_Default_Opaque_DS.uasset" 181
"../../../Engine/Plugins/Interchange/Runtime/Content/gltf/MaterialInstances/MI_Default_Opaque_DS.uexp" 182
"../../../Engine/Plugins/Interchange/Runtime/Content/gltf/MaterialInstances/MI_Default_Opaque.uasset" 183
"../../../Engine/Plugins/Interchange/Runtime/Content/gltf/MaterialInstances/MI_Default_Opaque.uexp" 184
"../../../Engine/Plugins/Interchange/Runtime/Content/gltf/MaterialInstances/MI_Default_Mask_DS.uasset" 185
"../../../Engine/Plugins/Interchange/Runtime/Content/gltf/MaterialInstances/MI_Default_Mask_DS.uexp" 186
"../../../Engine/Plugins/Interchange/Runtime/Content/gltf/MaterialInstances/MI_Default_Mask.uasset" 187
"../../../Engine/Plugins/Interchange/Runtime/Content/gltf/MaterialInstances/MI_Default_Mask.uexp" 188
"../../../Engine/Plugins/Interchange/Runtime/Content/gltf/MaterialInstances/MI_Default_Blend_DS.uasset" 189
"../../../Engine/Plugins/Interchange/Runtime/Content/gltf/MaterialInstances/MI_Default_Blend_DS.uexp" 190
"../../../Engine/Plugins/Interchange/Runtime/Content/gltf/MaterialInstances/MI_Default_Blend.uasset" 191
"../../../Engine/Plugins/Interchange/Runtime/Content/gltf/MaterialInstances/MI_Default_Blend.uexp" 192
"../../../Engine/Content/Functions/Engine_MaterialFunctions01/Texturing/FlattenNormal.uasset" 193
"../../../Engine/Content/Functions/Engine_MaterialFunctions01/Texturing/FlattenNormal.uexp" 194
"../../../Engine/Plugins/Interchange/Runtime/Content/gltf/MaterialFunctions/MF_Clearcoat.uasset" 195
"../../../Engine/Plugins/Interchange/Runtime/Content/gltf/MaterialFunctions/MF_Clearcoat.uexp" 196
"../../../Engine/Plugins/Interchange/Runtime/Content/gltf/MaterialBodies/MF_ClearCoat_Body.uasset" 197
"../../../Engine/Plugins/Interchange/Runtime/Content/gltf/MaterialBodies/MF_ClearCoat_Body.uexp" 198
"../../../Engine/Plugins/Interchange/Runtime/Content/gltf/M_ClearCoat.uasset" 199
"../../../Engine/Plugins/Interchange/Runtime/Content/gltf/M_ClearCoat.uexp" 200
"../../../Engine/Plugins/Interchange/Runtime/Content/gltf/MaterialInstances/MI_ClearCoat_Opaque_DS.uasset" 201
"../../../Engine/Plugins/Interchange/Runtime/Content/gltf/MaterialInstances/MI_ClearCoat_Opaque_DS.uexp" 202
"../../../Engine/Plugins/Interchange/Runtime/Content/gltf/MaterialInstances/MI_ClearCoat_Opaque.uasset" 203
"../../../Engine/Plugins/Interchange/Runtime/Content/gltf/MaterialInstances/MI_ClearCoat_Opaque.uexp" 204
"../../../Engine/Plugins/Interchange/Runtime/Content/gltf/MaterialInstances/MI_ClearCoat_Mask_DS.uasset" 205
"../../../Engine/Plugins/Interchange/Runtime/Content/gltf/MaterialInstances/MI_ClearCoat_Mask_DS.uexp" 206
"../../../Engine/Plugins/Interchange/Runtime/Content/gltf/MaterialInstances/MI_ClearCoat_Mask.uasset" 207
"../../../Engine/Plugins/Interchange/Runtime/Content/gltf/MaterialInstances/MI_ClearCoat_Mask.uexp" 208
"../../../Engine/Plugins/Interchange/Runtime/Content/gltf/MaterialInstances/MI_ClearCoat_Blend_DS.uasset" 209
"../../../Engine/Plugins/Interchange/Runtime/Content/gltf/MaterialInstances/MI_ClearCoat_Blend_DS.uexp" 210
"../../../Engine/Plugins/Interchange/Runtime/Content/gltf/MaterialInstances/MI_ClearCoat_Blend.uasset" 211
"../../../Engine/Plugins/Interchange/Runtime/Content/gltf/MaterialInstances/MI_ClearCoat_Blend.uexp" 212
"../../../Engine/Plugins/Interchange/Runtime/Content/Functions/MX_UsdPreviewSurface.uasset" 213
"../../../Engine/Plugins/Interchange/Runtime/Content/Functions/MX_UsdPreviewSurface.uexp" 214
"../../../Engine/Plugins/Interchange/Runtime/Content/Functions/MX_UniformEDF.uasset" 215
"../../../Engine/Plugins/Interchange/Runtime/Content/Functions/MX_UniformEDF.uexp" 216
"../../../Engine/Plugins/Interchange/Runtime/Content/Functions/MX_TranslucentBSDF.uasset" 217
"../../../Engine/Plugins/Interchange/Runtime/Content/Functions/MX_TranslucentBSDF.uexp" 218
"../../../Engine/Plugins/Interchange/Runtime/Content/Functions/MX_ThinFilmBSDF.uasset" 219
"../../../Engine/Plugins/Interchange/Runtime/Content/Functions/MX_ThinFilmBSDF.uexp" 220
"../../../Engine/Plugins/Interchange/Runtime/Content/Functions/MX_SurfaceUnlit.uasset" 221
"../../../Engine/Plugins/Interchange/Runtime/Content/Functions/MX_SurfaceUnlit.uexp" 222
"../../../Engine/Plugins/Interchange/Runtime/Content/Functions/MX_Surface.uasset" 223
"../../../Engine/Plugins/Interchange/Runtime/Content/Functions/MX_Surface.uexp" 224
"../../../Engine/Plugins/Interchange/Runtime/Content/Functions/MX_SubsurfaceBSDF.uasset" 225
"../../../Engine/Plugins/Interchange/Runtime/Content/Functions/MX_SubsurfaceBSDF.uexp" 226
"../../../Engine/Plugins/Interchange/Runtime/Content/Functions/MX_SheenBSDF.uasset" 227
"../../../Engine/Plugins/Interchange/Runtime/Content/Functions/MX_SheenBSDF.uexp" 228
"../../../Engine/Plugins/Interchange/Runtime/Content/Functions/MX_OrenNayarBSDF.uasset" 229
"../../../Engine/Plugins/Interchange/Runtime/Content/Functions/MX_OrenNayarBSDF.uexp" 230
"../../../Engine/Content/Functions/Engine_MaterialFunctions01/Volumetrics/BeersLaw.uasset" 231
"../../../Engine/Content/Functions/Engine_MaterialFunctions01/Volumetrics/BeersLaw.uexp" 232
"../../../Engine/Plugins/Interchange/Runtime/Content/Functions/MX_Transmission.uasset" 233
"../../../Engine/Plugins/Interchange/Runtime/Content/Functions/MX_Transmission.uexp" 234
"../../../Engine/Plugins/Interchange/Runtime/Content/Functions/MF_OrenNayerView.uasset" 235
"../../../Engine/Plugins/Interchange/Runtime/Content/Functions/MF_OrenNayerView.uexp" 236
"../../../Engine/Plugins/Interchange/Runtime/Content/Functions/MF_SchlickApprox.uasset" 237
"../../../Engine/Plugins/Interchange/Runtime/Content/Functions/MF_SchlickApprox.uexp" 238
"../../../Engine/Plugins/Interchange/Runtime/Content/Functions/MX_StandardSurface.uasset" 239
"../../../Engine/Plugins/Interchange/Runtime/Content/Functions/MX_StandardSurface.uexp" 240
"../../../Engine/Plugins/Interchange/Runtime/Content/Functions/MX_TransmissionSurface.uasset" 241
"../../../Engine/Plugins/Interchange/Runtime/Content/Functions/MX_TransmissionSurface.uexp" 242
"../../../Engine/Plugins/Interchange/Runtime/Content/Functions/MX_OpenPBR_Translucent.uasset" 243
"../../../Engine/Plugins/Interchange/Runtime/Content/Functions/MX_OpenPBR_Translucent.uexp" 244
"../../../Engine/Plugins/Interchange/Runtime/Content/Functions/MX_OpenPBR_Opaque.uasset" 245
"../../../Engine/Plugins/Interchange/Runtime/Content/Functions/MX_OpenPBR_Opaque.uexp" 246
"../../../Engine/Plugins/Interchange/Runtime/Content/Functions/MX_MeasuredEDF.uasset" 247
"../../../Engine/Plugins/Interchange/Runtime/Content/Functions/MX_MeasuredEDF.uexp" 248
"../../../Engine/Plugins/Interchange/Runtime/Content/Functions/MX_GeneralizedSchlickBSDF.uasset" 249
"../../../Engine/Plugins/Interchange/Runtime/Content/Functions/MX_GeneralizedSchlickBSDF.uexp" 250
"../../../Engine/Plugins/Interchange/Runtime/Content/Functions/MX_DielectricBSDF.uasset" 251
"../../../Engine/Plugins/Interchange/Runtime/Content/Functions/MX_DielectricBSDF.uexp" 252
"../../../Engine/Plugins/Interchange/Runtime/Content/Functions/MX_ConicalEDF.uasset" 253
"../../../Engine/Plugins/Interchange/Runtime/Content/Functions/MX_ConicalEDF.uexp" 254
"../../../Engine/Plugins/Interchange/Runtime/Content/Functions/MX_ConductorBSDF.uasset" 255
"../../../Engine/Plugins/Interchange/Runtime/Content/Functions/MX_ConductorBSDF.uexp" 256
"../../../Engine/Plugins/Interchange/Runtime/Content/Functions/MX_BurleyDiffuseBSDF.uasset" 257
"../../../Engine/Plugins/Interchange/Runtime/Content/Functions/MX_BurleyDiffuseBSDF.uexp" 258
"../../../Engine/Plugins/Interchange/Runtime/Content/Functions/MX_AnisotropicVDF.uasset" 259
"../../../Engine/Plugins/Interchange/Runtime/Content/Functions/MX_AnisotropicVDF.uexp" 260
"../../../Engine/Plugins/Interchange/Runtime/Content/Functions/MX_AbsorptionVDF.uasset" 261
"../../../Engine/Plugins/Interchange/Runtime/Content/Functions/MX_AbsorptionVDF.uexp" 262
"../../../Engine/Content/Functions/Engine_MaterialFunctions02/WorldPositionOffset/CameraOffset.uasset" 263
"../../../Engine/Content/Functions/Engine_MaterialFunctions02/WorldPositionOffset/CameraOffset.uexp" 264
"../../../Engine/Plugins/Animation/ControlRig/Content/M_Manip.uasset" 265
"../../../Engine/Plugins/Animation/ControlRig/Content/M_Manip.uexp" 266
"../../../Engine/Plugins/Animation/ControlRig/Content/Controls/DefaultGizmoLibraryNormalized.uasset" 267
"../../../Engine/Plugins/Animation/ControlRig/Content/Controls/DefaultGizmoLibraryNormalized.uexp" 268
"../../../Engine/Plugins/Animation/ControlRig/Content/Controls/ControlRig_Wedge_solid.uasset" 269
"../../../Engine/Plugins/Animation/ControlRig/Content/Controls/ControlRig_Wedge_solid.uexp" 270
"../../../Engine/Plugins/Animation/ControlRig/Content/Controls/ControlRig_Wedge_3mm.uasset" 271
"../../../Engine/Plugins/Animation/ControlRig/Content/Controls/ControlRig_Wedge_3mm.uexp" 272
"../../../Engine/Plugins/Animation/ControlRig/Content/Controls/ControlRig_Wedge_1mm.uasset" 273
"../../../Engine/Plugins/Animation/ControlRig/Content/Controls/ControlRig_Wedge_1mm.uexp" 274
"../../../Engine/Plugins/Animation/ControlRig/Content/Controls/ControlRig_Triangle_solid.uasset" 275
"../../../Engine/Plugins/Animation/ControlRig/Content/Controls/ControlRig_Triangle_solid.uexp" 276
"../../../Engine/Plugins/Animation/ControlRig/Content/Controls/ControlRig_Triangle_3mm.uasset" 277
"../../../Engine/Plugins/Animation/ControlRig/Content/Controls/ControlRig_Triangle_3mm.uexp" 278
"../../../Engine/Plugins/Animation/ControlRig/Content/Controls/ControlRig_Triangle_1mm.uasset" 279
"../../../Engine/Plugins/Animation/ControlRig/Content/Controls/ControlRig_Triangle_1mm.uexp" 280
"../../../Engine/Plugins/Animation/ControlRig/Content/Controls/ControlRig_Star4_solid.uasset" 281
"../../../Engine/Plugins/Animation/ControlRig/Content/Controls/ControlRig_Star4_solid.uexp" 282
"../../../Engine/Plugins/Animation/ControlRig/Content/Controls/ControlRig_Star4_3mm.uasset" 283
"../../../Engine/Plugins/Animation/ControlRig/Content/Controls/ControlRig_Star4_3mm.uexp" 284
"../../../Engine/Plugins/Animation/ControlRig/Content/Controls/ControlRig_Star4_1mm.uasset" 285
"../../../Engine/Plugins/Animation/ControlRig/Content/Controls/ControlRig_Star4_1mm.uexp" 286
"../../../Engine/Plugins/Animation/ControlRig/Content/Controls/ControlRig_Square_solid.uasset" 287
"../../../Engine/Plugins/Animation/ControlRig/Content/Controls/ControlRig_Square_solid.uexp" 288
"../../../Engine/Plugins/Animation/ControlRig/Content/Controls/ControlRig_Square_3mm.uasset" 289
"../../../Engine/Plugins/Animation/ControlRig/Content/Controls/ControlRig_Square_3mm.uexp" 290
"../../../Engine/Plugins/Animation/ControlRig/Content/Controls/ControlRig_Square_1mm.uasset" 291
"../../../Engine/Plugins/Animation/ControlRig/Content/Controls/ControlRig_Square_1mm.uexp" 292
"../../../Engine/Plugins/Animation/ControlRig/Content/Controls/ControlRig_Sphere_solid.uasset" 293
"../../../Engine/Plugins/Animation/ControlRig/Content/Controls/ControlRig_Sphere_solid.uexp" 294
"../../../Engine/Plugins/Animation/ControlRig/Content/Controls/ControlRig_Sphere_3mm.uasset" 295
"../../../Engine/Plugins/Animation/ControlRig/Content/Controls/ControlRig_Sphere_3mm.uexp" 296
"../../../Engine/Plugins/Animation/ControlRig/Content/Controls/ControlRig_Sphere_1mm.uasset" 297
"../../../Engine/Plugins/Animation/ControlRig/Content/Controls/ControlRig_Sphere_1mm.uexp" 298
"../../../Engine/Plugins/Animation/ControlRig/Content/Controls/ControlRig_RoundedTriangle_solid.uasset" 299
"../../../Engine/Plugins/Animation/ControlRig/Content/Controls/ControlRig_RoundedTriangle_solid.uexp" 300
"../../../Engine/Plugins/Animation/ControlRig/Content/Controls/ControlRig_RoundedTriangle_3mm.uasset" 301
"../../../Engine/Plugins/Animation/ControlRig/Content/Controls/ControlRig_RoundedTriangle_3mm.uexp" 302
"../../../Engine/Plugins/Animation/ControlRig/Content/Controls/ControlRig_RoundedTriangle_1mm.uasset" 303
"../../../Engine/Plugins/Animation/ControlRig/Content/Controls/ControlRig_RoundedTriangle_1mm.uexp" 304
"../../../Engine/Plugins/Animation/ControlRig/Content/Controls/ControlRig_RoundedSquare_solid.uasset" 305
"../../../Engine/Plugins/Animation/ControlRig/Content/Controls/ControlRig_RoundedSquare_solid.uexp" 306
"../../../Engine/Plugins/Animation/ControlRig/Content/Controls/ControlRig_RoundedSquare_3mm.uasset" 307
"../../../Engine/Plugins/Animation/ControlRig/Content/Controls/ControlRig_RoundedSquare_3mm.uexp" 308
"../../../Engine/Plugins/Animation/ControlRig/Content/Controls/ControlRig_RoundedSquare_1mm.uasset" 309
"../../../Engine/Plugins/Animation/ControlRig/Content/Controls/ControlRig_RoundedSquare_1mm.uexp" 310
"../../../Engine/Plugins/Animation/ControlRig/Content/Controls/ControlRig_QuarterCircle_solid.uasset" 311
"../../../Engine/Plugins/Animation/ControlRig/Content/Controls/ControlRig_QuarterCircle_solid.uexp" 312
"../../../Engine/Plugins/Animation/ControlRig/Content/Controls/ControlRig_QuarterCircle_3mm.uasset" 313
"../../../Engine/Plugins/Animation/ControlRig/Content/Controls/ControlRig_QuarterCircle_3mm.uexp" 314
"../../../Engine/Plugins/Animation/ControlRig/Content/Controls/ControlRig_QuarterCircle_1mm.uasset" 315
"../../../Engine/Plugins/Animation/ControlRig/Content/Controls/ControlRig_QuarterCircle_1mm.uexp" 316
"../../../Engine/Plugins/Animation/ControlRig/Content/Controls/ControlRig_Pyramid_solid.uasset" 317
"../../../Engine/Plugins/Animation/ControlRig/Content/Controls/ControlRig_Pyramid_solid.uexp" 318
"../../../Engine/Plugins/Animation/ControlRig/Content/Controls/ControlRig_Pyramid_3mm.uasset" 319
"../../../Engine/Plugins/Animation/ControlRig/Content/Controls/ControlRig_Pyramid_3mm.uexp" 320
"../../../Engine/Plugins/Animation/ControlRig/Content/Controls/ControlRig_Pyramid_1mm.uasset" 321
"../../../Engine/Plugins/Animation/ControlRig/Content/Controls/ControlRig_Pyramid_1mm.uexp" 322
"../../../Engine/Plugins/Animation/ControlRig/Content/Controls/ControlRig_Octagon_solid.uasset" 323
"../../../Engine/Plugins/Animation/ControlRig/Content/Controls/ControlRig_Octagon_solid.uexp" 324
"../../../Engine/Plugins/Animation/ControlRig/Content/Controls/ControlRig_Octagon_3mm.uasset" 325
"../../../Engine/Plugins/Animation/ControlRig/Content/Controls/ControlRig_Octagon_3mm.uexp" 326
"../../../Engine/Plugins/Animation/ControlRig/Content/Controls/ControlRig_Octagon_1mm.uasset" 327
"../../../Engine/Plugins/Animation/ControlRig/Content/Controls/ControlRig_Octagon_1mm.uexp" 328
"../../../Engine/Plugins/Animation/ControlRig/Content/Controls/ControlRig_Hexagon_solid.uasset" 329
"../../../Engine/Plugins/Animation/ControlRig/Content/Controls/ControlRig_Hexagon_solid.uexp" 330
"../../../Engine/Plugins/Animation/ControlRig/Content/Controls/ControlRig_Hexagon_3mm.uasset" 331
"../../../Engine/Plugins/Animation/ControlRig/Content/Controls/ControlRig_Hexagon_3mm.uexp" 332
"../../../Engine/Plugins/Animation/ControlRig/Content/Controls/ControlRig_Hexagon_1mm.uasset" 333
"../../../Engine/Plugins/Animation/ControlRig/Content/Controls/ControlRig_Hexagon_1mm.uexp" 334
"../../../Engine/Plugins/Animation/ControlRig/Content/Controls/ControlRig_HalfCircle_solid.uasset" 335
"../../../Engine/Plugins/Animation/ControlRig/Content/Controls/ControlRig_HalfCircle_solid.uexp" 336
"../../../Engine/Plugins/Animation/ControlRig/Content/Controls/ControlRig_HalfCircle_3mm.uasset" 337
"../../../Engine/Plugins/Animation/ControlRig/Content/Controls/ControlRig_HalfCircle_3mm.uexp" 338
"../../../Engine/Plugins/Animation/ControlRig/Content/Controls/ControlRig_HalfCircle_1mm.uasset" 339
"../../../Engine/Plugins/Animation/ControlRig/Content/Controls/ControlRig_HalfCircle_1mm.uexp" 340
"../../../Engine/Plugins/Animation/ControlRig/Content/Controls/ControlRig_Diamond_solid.uasset" 341
"../../../Engine/Plugins/Animation/ControlRig/Content/Controls/ControlRig_Diamond_solid.uexp" 342
"../../../Engine/Plugins/Animation/ControlRig/Content/Controls/ControlRig_Diamond_3mm.uasset" 343
"../../../Engine/Plugins/Animation/ControlRig/Content/Controls/ControlRig_Diamond_3mm.uexp" 344
"../../../Engine/Plugins/Animation/ControlRig/Content/Controls/ControlRig_Diamond_1mm.uasset" 345
"../../../Engine/Plugins/Animation/ControlRig/Content/Controls/ControlRig_Diamond_1mm.uexp" 346
"../../../Engine/Plugins/Animation/ControlRig/Content/Controls/ControlRig_Circle_solid.uasset" 347
"../../../Engine/Plugins/Animation/ControlRig/Content/Controls/ControlRig_Circle_solid.uexp" 348
"../../../Engine/Plugins/Animation/ControlRig/Content/Controls/ControlRig_Circle_3mm.uasset" 349
"../../../Engine/Plugins/Animation/ControlRig/Content/Controls/ControlRig_Circle_3mm.uexp" 350
"../../../Engine/Plugins/Animation/ControlRig/Content/Controls/ControlRig_Circle_1mm.uasset" 351
"../../../Engine/Plugins/Animation/ControlRig/Content/Controls/ControlRig_Circle_1mm.uexp" 352
"../../../Engine/Plugins/Animation/ControlRig/Content/Controls/ControlRig_Box_solid.uasset" 353
"../../../Engine/Plugins/Animation/ControlRig/Content/Controls/ControlRig_Box_solid.uexp" 354
"../../../Engine/Plugins/Animation/ControlRig/Content/Controls/ControlRig_Box_3mm.uasset" 355
"../../../Engine/Plugins/Animation/ControlRig/Content/Controls/ControlRig_Box_3mm.uexp" 356
"../../../Engine/Plugins/Animation/ControlRig/Content/Controls/ControlRig_Box_1mm.uasset" 357
"../../../Engine/Plugins/Animation/ControlRig/Content/Controls/ControlRig_Box_1mm.uexp" 358
"../../../Engine/Plugins/Animation/ControlRig/Content/Controls/ControlRig_Arrow_solid.uasset" 359
"../../../Engine/Plugins/Animation/ControlRig/Content/Controls/ControlRig_Arrow_solid.uexp" 360
"../../../Engine/Plugins/Animation/ControlRig/Content/Controls/ControlRig_Arrow_3mm.uasset" 361
"../../../Engine/Plugins/Animation/ControlRig/Content/Controls/ControlRig_Arrow_3mm.uexp" 362
"../../../Engine/Plugins/Animation/ControlRig/Content/Controls/ControlRig_Arrow_1mm.uasset" 363
"../../../Engine/Plugins/Animation/ControlRig/Content/Controls/ControlRig_Arrow_1mm.uexp" 364
"../../../Engine/Plugins/Animation/ControlRig/Content/Controls/ControlRig_Arrow4_solid.uasset" 365
"../../../Engine/Plugins/Animation/ControlRig/Content/Controls/ControlRig_Arrow4_solid.uexp" 366
"../../../Engine/Plugins/Animation/ControlRig/Content/Controls/ControlRig_Arrow4_3mm.uasset" 367
"../../../Engine/Plugins/Animation/ControlRig/Content/Controls/ControlRig_Arrow4_3mm.uexp" 368
"../../../Engine/Plugins/Animation/ControlRig/Content/Controls/ControlRig_Arrow4_1mm.uasset" 369
"../../../Engine/Plugins/Animation/ControlRig/Content/Controls/ControlRig_Arrow4_1mm.uexp" 370
"../../../Engine/Plugins/Animation/ControlRig/Content/Controls/ControlRig_Arrow2_solid.uasset" 371
"../../../Engine/Plugins/Animation/ControlRig/Content/Controls/ControlRig_Arrow2_solid.uexp" 372
"../../../Engine/Plugins/Animation/ControlRig/Content/Controls/ControlRig_Arrow2_3mm.uasset" 373
"../../../Engine/Plugins/Animation/ControlRig/Content/Controls/ControlRig_Arrow2_3mm.uexp" 374
"../../../Engine/Plugins/Animation/ControlRig/Content/Controls/ControlRig_Arrow2_1mm.uasset" 375
"../../../Engine/Plugins/Animation/ControlRig/Content/Controls/ControlRig_Arrow2_1mm.uexp" 376
"../../../Engine/Plugins/Animation/ControlRig/Content/Controls/ControlRigXRayMaterial.uasset" 377
"../../../Engine/Plugins/Animation/ControlRig/Content/Controls/ControlRigXRayMaterial.uexp" 378
"../../../Engine/Plugins/Animation/ControlRig/Content/Controls/ControlRigGizmoMaterial.uasset" 379
"../../../Engine/Plugins/Animation/ControlRig/Content/Controls/ControlRigGizmoMaterial.uexp" 380
"../../../Engine/Plugins/Animation/ACLPlugin/Content/ACLAnimCurveCompressionSettings.uasset" 381
"../../../Engine/Plugins/Animation/ACLPlugin/Content/ACLAnimCurveCompressionSettings.uexp" 382
"../../../Engine/Plugins/Animation/ACLPlugin/Content/ACLAnimBoneCompressionSettings.uasset" 383
"../../../Engine/Plugins/Animation/ACLPlugin/Content/ACLAnimBoneCompressionSettings.uexp" 384
"../../../Engine/Plugins/2D/Paper2D/Content/PlaceholderTextures/DummySpriteTexture.ubulk" 385
"../../../Engine/Plugins/2D/Paper2D/Content/PlaceholderTextures/DummySpriteTexture.uasset" 386
"../../../Engine/Plugins/2D/Paper2D/Content/PlaceholderTextures/DummySpriteTexture.uexp" 387
"../../../Engine/Plugins/2D/Paper2D/Content/DefaultSpriteMaterial.uasset" 388
"../../../Engine/Plugins/2D/Paper2D/Content/DefaultSpriteMaterial.uexp" 389
"../../../Engine/Plugins/2D/Paper2D/Content/OpaqueUnlitSpriteMaterial.uasset" 390
"../../../Engine/Plugins/2D/Paper2D/Content/OpaqueUnlitSpriteMaterial.uexp" 391
"../../../Engine/Plugins/2D/Paper2D/Content/MaskedUnlitSpriteMaterial.uasset" 392
"../../../Engine/Plugins/2D/Paper2D/Content/MaskedUnlitSpriteMaterial.uexp" 393
"../../../Engine/Plugins/2D/Paper2D/Content/DummySprite.uasset" 394
"../../../Engine/Plugins/2D/Paper2D/Content/DummySprite.uexp" 395
"../../../Engine/Plugins/2D/Paper2D/Content/DefaultPaperTerrainMaterial.uasset" 396
"../../../Engine/Plugins/2D/Paper2D/Content/DefaultPaperTerrainMaterial.uexp" 397
"../../../Engine/Content/Functions/Engine_MaterialFunctions02/SplitComponents.uasset" 398
"../../../Engine/Content/Functions/Engine_MaterialFunctions02/SplitComponents.uexp" 399
"../../../Engine/Content/MobileResources/HUD/VirtualJoystick_Background.uasset" 400
"../../../Engine/Content/MobileResources/HUD/VirtualJoystick_Background.uexp" 401
"../../../Engine/Content/MobileResources/HUD/VirtualJoystick_Thumb.uasset" 402
"../../../Engine/Content/MobileResources/HUD/VirtualJoystick_Thumb.uexp" 403
"../../../Engine/Content/MobileResources/HUD/DefaultVirtualJoysticks.uasset" 404
"../../../Engine/Content/MobileResources/HUD/DefaultVirtualJoysticks.uexp" 405
"../../../Engine/Content/Functions/Engine_MaterialFunctions01/Shading/PowerToRoughness.uasset" 406
"../../../Engine/Content/Functions/Engine_MaterialFunctions01/Shading/PowerToRoughness.uexp" 407
"../../../Engine/Content/Functions/Engine_MaterialFunctions01/Shading/ConvertFromDiffSpec.uasset" 408
"../../../Engine/Content/Functions/Engine_MaterialFunctions01/Shading/ConvertFromDiffSpec.uexp" 409
"../../../Engine/Content/EngineSounds/Master.uasset" 410
"../../../Engine/Content/EngineSounds/Master.uexp" 411
"../../../Engine/Content/EngineSky/VolumetricClouds/CloudWeatherTexture.uasset" 412
"../../../Engine/Content/EngineSky/VolumetricClouds/CloudWeatherTexture.uexp" 413
"../../../Engine/Content/Functions/Engine_MaterialFunctions02/Utility/MakeFloat2.uasset" 414
"../../../Engine/Content/Functions/Engine_MaterialFunctions02/Utility/MakeFloat2.uexp" 415
"../../../Engine/Content/EngineSky/VolumetricClouds/CloudGradientTexture.uasset" 416
"../../../Engine/Content/EngineSky/VolumetricClouds/CloudGradientTexture.uexp" 417
"../../../Engine/Content/EngineSky/VolumetricClouds/T_NoiseShape64.ubulk" 418
"../../../Engine/Content/EngineSky/VolumetricClouds/T_NoiseShape64.uasset" 419
"../../../Engine/Content/EngineSky/VolumetricClouds/T_NoiseShape64.uexp" 420
"../../../Engine/Content/EngineSky/VolumetricClouds/T_VolumeNoiseShape64.uasset" 421
"../../../Engine/Content/EngineSky/VolumetricClouds/T_VolumeNoiseShape64.uexp" 422
"../../../Engine/Content/EngineSky/VolumetricClouds/T_NoiseErosion.ubulk" 423
"../../../Engine/Content/EngineSky/VolumetricClouds/T_NoiseErosion.uasset" 424
"../../../Engine/Content/EngineSky/VolumetricClouds/T_NoiseErosion.uexp" 425
"../../../Engine/Content/EngineSky/VolumetricClouds/T_VolumeNoiseErosion32.uasset" 426
"../../../Engine/Content/EngineSky/VolumetricClouds/T_VolumeNoiseErosion32.uexp" 427
"../../../Engine/Content/EngineSky/VolumetricClouds/m_SimpleVolumetricCloud.uasset" 428
"../../../Engine/Content/EngineSky/VolumetricClouds/m_SimpleVolumetricCloud.uexp" 429
"../../../Engine/Content/EngineSky/VolumetricClouds/m_SimpleVolumetricCloud_Inst.uasset" 430
"../../../Engine/Content/EngineSky/VolumetricClouds/m_SimpleVolumetricCloud_Inst.uexp" 431
"../../../Engine/Content/EngineResources/FilmGrains/Marcie_Grain_v3_128_M2_000.uasset" 432
"../../../Engine/Content/EngineResources/FilmGrains/Marcie_Grain_v3_128_M2_000.uexp" 433
"../../../Engine/Content/EngineResources/WhiteSquareTexture.uasset" 434
"../../../Engine/Content/EngineResources/WhiteSquareTexture.uexp" 435
"../../../Engine/Content/EngineMaterials/Widget3DPassThrough.uasset" 436
"../../../Engine/Content/EngineMaterials/Widget3DPassThrough.uexp" 437
"../../../Engine/Content/EngineMaterials/Widget3DPassThrough_Translucent.uasset" 438
"../../../Engine/Content/EngineMaterials/Widget3DPassThrough_Translucent.uexp" 439
"../../../Engine/Content/EngineMaterials/Widget3DPassThrough_Translucent_OneSided.uasset" 440
"../../../Engine/Content/EngineMaterials/Widget3DPassThrough_Translucent_OneSided.uexp" 441
"../../../Engine/Content/EngineMaterials/Widget3DPassThrough_Opaque.uasset" 442
"../../../Engine/Content/EngineMaterials/Widget3DPassThrough_Opaque.uexp" 443
"../../../Engine/Content/EngineMaterials/Widget3DPassThrough_Opaque_OneSided.uasset" 444
"../../../Engine/Content/EngineMaterials/Widget3DPassThrough_Opaque_OneSided.uexp" 445
"../../../Engine/Content/EngineMaterials/Widget3DPassThrough_Masked_OneSided.uasset" 446
"../../../Engine/Content/EngineMaterials/Widget3DPassThrough_Masked_OneSided.uexp" 447
"../../../Engine/Content/EngineMaterials/Widget3DPassThrough_Masked.uasset" 448
"../../../Engine/Content/EngineMaterials/Widget3DPassThrough_Masked.uexp" 449
"../../../Engine/Content/EngineMaterials/STBlueNoise_vec2_128x128x64.uasset" 450
"../../../Engine/Content/EngineMaterials/STBlueNoise_vec2_128x128x64.uexp" 451
"../../../Engine/Content/EngineMaterials/STBlueNoise_scalar_128x128x64.uasset" 452
"../../../Engine/Content/EngineMaterials/STBlueNoise_scalar_128x128x64.uexp" 453
"../../../Engine/Content/EngineMaterials/RemoveSurfaceMaterial.uasset" 454
"../../../Engine/Content/EngineMaterials/RemoveSurfaceMaterial.uexp" 455
"../../../Engine/Content/EngineMaterials/DefaultCalibrationGrayscale.uasset" 456
"../../../Engine/Content/EngineMaterials/DefaultCalibrationGrayscale.uexp" 457
"../../../Engine/Content/EngineMaterials/PPM_DefaultCalibrationGrayscale.uasset" 458
"../../../Engine/Content/EngineMaterials/PPM_DefaultCalibrationGrayscale.uexp" 459
"../../../Engine/Content/EngineMaterials/DefaultCalibrationColor.uasset" 460
"../../../Engine/Content/EngineMaterials/DefaultCalibrationColor.uexp" 461
"../../../Engine/Content/EngineMaterials/PPM_DefaultCalibrationColor.uasset" 462
"../../../Engine/Content/EngineMaterials/PPM_DefaultCalibrationColor.uexp" 463
"../../../Engine/Content/EngineMaterials/PhAT_JointLimitMaterial.uasset" 464
"../../../Engine/Content/EngineMaterials/PhAT_JointLimitMaterial.uexp" 465
"../../../Engine/Content/EngineMaterials/NaniteHiddenSectionMaterial.uasset" 466
"../../../Engine/Content/EngineMaterials/NaniteHiddenSectionMaterial.uexp" 467
"../../../Engine/Content/EngineMaterials/InvalidLightmapSettings.ubulk" 468
"../../../Engine/Content/EngineMaterials/InvalidLightmapSettings.uasset" 469
"../../../Engine/Content/EngineMaterials/InvalidLightmapSettings.uexp" 470
"../../../Engine/Content/EngineMaterials/M_InvalidLightmapSettings.uasset" 471
"../../../Engine/Content/EngineMaterials/M_InvalidLightmapSettings.uexp" 472
"../../../Engine/Content/EngineMaterials/GizmoMaterial.uasset" 473
"../../../Engine/Content/EngineMaterials/GizmoMaterial.uexp" 474
"../../../Engine/Content/EngineMaterials/BaseFlattenEmissiveMap_VT.uasset" 475
"../../../Engine/Content/EngineMaterials/BaseFlattenEmissiveMap_VT.uexp" 476
"../../../Engine/Content/EngineMaterials/BaseFlattenGrayscaleMap_VT.uasset" 477
"../../../Engine/Content/EngineMaterials/BaseFlattenGrayscaleMap_VT.uexp" 478
"../../../Engine/Content/EngineMaterials/BaseFlattenLinearColor_VT.uasset" 479
"../../../Engine/Content/EngineMaterials/BaseFlattenLinearColor_VT.uexp" 480
"../../../Engine/Content/EngineMaterials/Black_1x1_EXR_Texture_VT.uasset" 481
"../../../Engine/Content/EngineMaterials/Black_1x1_EXR_Texture_VT.uexp" 482
"../../../Engine/Content/EngineMaterials/BaseFlattenDiffuseMap_VT.uasset" 483
"../../../Engine/Content/EngineMaterials/BaseFlattenDiffuseMap_VT.uexp" 484
"../../../Engine/Content/EngineMaterials/BaseFlattenNormalMap_VT.uasset" 485
"../../../Engine/Content/EngineMaterials/BaseFlattenNormalMap_VT.uexp" 486
"../../../Engine/Content/EngineMaterials/FlattenMaterial_WS_Normal_VT.uasset" 487
"../../../Engine/Content/EngineMaterials/FlattenMaterial_WS_Normal_VT.uexp" 488
"../../../Engine/Content/EngineMaterials/FlattenMaterial_VT.uasset" 489
"../../../Engine/Content/EngineMaterials/FlattenMaterial_VT.uexp" 490
"../../../Engine/Content/EngineMaterials/BaseFlattenNormalMap.uasset" 491
"../../../Engine/Content/EngineMaterials/BaseFlattenNormalMap.uexp" 492
"../../../Engine/Content/EngineMaterials/BaseFlattenGrayscaleMap.uasset" 493
"../../../Engine/Content/EngineMaterials/BaseFlattenGrayscaleMap.uexp" 494
"../../../Engine/Content/EngineMaterials/BaseFlattenDiffuseMap.uasset" 495
"../../../Engine/Content/EngineMaterials/BaseFlattenDiffuseMap.uexp" 496
"../../../Engine/Content/Functions/Engine_MaterialFunctions02/PivotPainter2/Black_1x1_EXR_Texture.uasset" 497
"../../../Engine/Content/Functions/Engine_MaterialFunctions02/PivotPainter2/Black_1x1_EXR_Texture.uexp" 498
"../../../Engine/Content/EngineMaterials/BaseFlattenEmissiveMap.uasset" 499
"../../../Engine/Content/EngineMaterials/BaseFlattenEmissiveMap.uexp" 500
"../../../Engine/Content/EngineMaterials/BaseFlattenLinearColor.uasset" 501
"../../../Engine/Content/EngineMaterials/BaseFlattenLinearColor.uexp" 502
"../../../Engine/Content/EngineMaterials/FlattenMaterial.uasset" 503
"../../../Engine/Content/EngineMaterials/FlattenMaterial.uexp" 504
"../../../Engine/Content/EngineMaterials/DefaultWhiteGrid_Low.uasset" 505
"../../../Engine/Content/EngineMaterials/DefaultWhiteGrid_Low.uexp" 506
"../../../Engine/Content/EngineMaterials/EmissiveMeshMaterial.uasset" 507
"../../../Engine/Content/EngineMaterials/EmissiveMeshMaterial.uexp" 508
"../../../Engine/Content/EngineFonts/RobotoDistanceField.uasset" 509
"../../../Engine/Content/EngineFonts/RobotoDistanceField.uexp" 510
"../../../Engine/Content/EngineMaterials/DefaultTextMaterialOpaque.uasset" 511
"../../../Engine/Content/EngineMaterials/DefaultTextMaterialOpaque.uexp" 512
"../../../Engine/Content/EngineMaterials/DefaultDiffuse.ubulk" 513
"../../../Engine/Content/EngineMaterials/DefaultDiffuse.uasset" 514
"../../../Engine/Content/EngineMaterials/DefaultDiffuse.uexp" 515
"../../../Engine/Content/Functions/Engine_MaterialFunctions02/Utility/BreakOutFloat2Components.uasset" 516
"../../../Engine/Content/Functions/Engine_MaterialFunctions02/Utility/BreakOutFloat2Components.uexp" 517
"../../../Engine/Content/EngineMaterials/DefaultPostProcessMaterial.uasset" 518
"../../../Engine/Content/EngineMaterials/DefaultPostProcessMaterial.uexp" 519
"../../../Engine/Content/EngineMaterials/DefaultPhysicalMaterial.uasset" 520
"../../../Engine/Content/EngineMaterials/DefaultPhysicalMaterial.uexp" 521
"../../../Engine/Content/EngineMaterials/DefaultLightFunctionMaterial.uasset" 522
"../../../Engine/Content/EngineMaterials/DefaultLightFunctionMaterial.uexp" 523
"../../../Engine/Content/EngineMaterials/DefaultDestructiblePhysicalMaterial.uasset" 524
"../../../Engine/Content/EngineMaterials/DefaultDestructiblePhysicalMaterial.uexp" 525
"../../../Engine/Content/EngineMaterials/DefaultDeferredDecalMaterial.uasset" 526
"../../../Engine/Content/EngineMaterials/DefaultDeferredDecalMaterial.uexp" 527
"../../../Engine/Content/EngineMaterials/DefaultBloomKernel.uasset" 528
"../../../Engine/Content/EngineMaterials/DefaultBloomKernel.uexp" 529
"../../../Engine/Content/EngineMaterials/Substrate/Volume/SubstrateSimpleVolumeLUT3D.uasset" 530
"../../../Engine/Content/EngineMaterials/Substrate/Volume/SubstrateSimpleVolumeLUT3D.uexp" 531
"../../../Engine/Content/EngineMaterials/Substrate/Volume/SubstrateSimpleVolumeEnvLUT3D.uasset" 532
"../../../Engine/Content/EngineMaterials/Substrate/Volume/SubstrateSimpleVolumeEnvLUT3D.uexp" 533
"../../../Engine/Content/EngineMaterials/Substrate/GLints2/AGlintTex2dArray2.uasset" 534
"../../../Engine/Content/EngineMaterials/Substrate/GLints2/AGlintTex2dArray2.uexp" 535
"../../../Engine/Content/EngineMaterials/Substrate/GLints/AGlintTex2dArray.uasset" 536
"../../../Engine/Content/EngineMaterials/Substrate/GLints/AGlintTex2dArray.uexp" 537
"../../../Engine/Content/EngineFonts/Faces/RobotoLight.uexp" 538
"../../../Engine/Content/EngineFonts/Faces/RobotoLight.uasset" 539
"../../../Engine/Content/EngineFonts/Faces/RobotoLight.ufont" 540
"../../../Engine/Content/EngineFonts/Faces/RobotoBold.uexp" 541
"../../../Engine/Content/EngineFonts/Faces/RobotoBold.uasset" 542
"../../../Engine/Content/EngineFonts/Faces/RobotoBold.ufont" 543
"../../../Engine/Content/EngineFonts/Faces/RobotoRegular.uexp" 544
"../../../Engine/Content/EngineFonts/Faces/RobotoRegular.uasset" 545
"../../../Engine/Content/EngineFonts/Faces/RobotoRegular.ufont" 546
"../../../Engine/Content/EngineFonts/Faces/DroidSansFallback.uexp" 547
"../../../Engine/Content/EngineFonts/Faces/DroidSansFallback.uasset" 548
"../../../Engine/Content/EngineFonts/Faces/DroidSansFallback.ufont" 549
"../../../Engine/Content/EngineFonts/Faces/RobotoItalic.uexp" 550
"../../../Engine/Content/EngineFonts/Faces/RobotoItalic.uasset" 551
"../../../Engine/Content/EngineFonts/Faces/RobotoItalic.ufont" 552
"../../../Engine/Content/EngineFonts/Faces/RobotoBoldItalic.uexp" 553
"../../../Engine/Content/EngineFonts/Faces/RobotoBoldItalic.uasset" 554
"../../../Engine/Content/EngineFonts/Faces/RobotoBoldItalic.ufont" 555
"../../../Engine/Content/EngineFonts/Roboto.uasset" 556
"../../../Engine/Content/EngineFonts/Roboto.uexp" 557
"../../../Engine/Content/EngineDebugMaterials/VolumeToRender.uasset" 558
"../../../Engine/Content/EngineDebugMaterials/VolumeToRender.uexp" 559
"../../../Engine/Content/EngineDebugMaterials/M_VolumeRenderSphereTracePP.uasset" 560
"../../../Engine/Content/EngineDebugMaterials/M_VolumeRenderSphereTracePP.uexp" 561
"../../../Engine/Content/EngineDebugMaterials/M_SimpleUnlitTranslucent.uasset" 562
"../../../Engine/Content/EngineDebugMaterials/M_SimpleUnlitTranslucent.uexp" 563
"../../../Engine/Content/EngineDebugMaterials/DebugMeshMaterial.uasset" 564
"../../../Engine/Content/EngineDebugMaterials/DebugMeshMaterial.uexp" 565
"../../../Engine/Content/EngineDebugMaterials/DebugEditorMaterial.uasset" 566
"../../../Engine/Content/EngineDebugMaterials/DebugEditorMaterial.uexp" 567
"../../../Engine/Content/EngineDamageTypes/DmgTypeBP_Environmental.uasset" 568
"../../../Engine/Content/EngineDamageTypes/DmgTypeBP_Environmental.uexp" 569
"../../../Engine/Content/EngineMaterials/DefaultMaterial.uasset" 570
"../../../Engine/Content/EngineMaterials/DefaultMaterial.uexp" 571
"../../../Engine/Content/BasicShapes/Cone.uasset" 572
"../../../Engine/Content/BasicShapes/Cone.uexp" 573
"../../../Engine/Content/BasicShapes/BasicShapeMaterial.uasset" 574
"../../../Engine/Content/BasicShapes/BasicShapeMaterial.uexp" 575
"../../../Engine/Content/Animation/DefaultVariableFrameStrippingSettings.uasset" 576
"../../../Engine/Content/Animation/DefaultVariableFrameStrippingSettings.uexp" 577
"../../../Engine/Content/Animation/DefaultRecorderBoneCompression.uasset" 578
"../../../Engine/Content/Animation/DefaultRecorderBoneCompression.uexp" 579
"../../../Engine/Content/BasicShapes/Cube.uasset" 580
"../../../Engine/Content/BasicShapes/Cube.uexp" 581
"D:/Files/Projects/Unreal Engine/LudumDare57/Content/Core/Blueprints/E_TypeInteract.uasset" 582
"D:/Files/Projects/Unreal Engine/LudumDare57/Content/Core/Blueprints/E_TypeInteract.uexp" 583
"D:/Files/Projects/Unreal Engine/LudumDare57/Content/Core/Textures/T_Tape.uasset" 584
"D:/Files/Projects/Unreal Engine/LudumDare57/Content/Core/Textures/T_Tape.uexp" 585
"D:/Files/Projects/Unreal Engine/LudumDare57/Content/Core/Materials/M_Tape.uasset" 586
"D:/Files/Projects/Unreal Engine/LudumDare57/Content/Core/Materials/M_Tape.uexp" 587
"D:/Files/Projects/Unreal Engine/LudumDare57/Content/Core/Blueprints/BPI_Interact.uasset" 588
"D:/Files/Projects/Unreal Engine/LudumDare57/Content/Core/Blueprints/BPI_Interact.uexp" 589
"D:/Files/Projects/Unreal Engine/LudumDare57/Content/Core/Blueprints/BP_Character.uasset" 590
"D:/Files/Projects/Unreal Engine/LudumDare57/Content/Core/Blueprints/BP_Character.uexp" 591
"D:/Files/Projects/Unreal Engine/LudumDare57/Content/Core/Textures/T_Crack.uasset" 592
"D:/Files/Projects/Unreal Engine/LudumDare57/Content/Core/Textures/T_Crack.uexp" 593
"D:/Files/Projects/Unreal Engine/LudumDare57/Content/Core/Materials/M_CrackGlass.uasset" 594
"D:/Files/Projects/Unreal Engine/LudumDare57/Content/Core/Materials/M_CrackGlass.uexp" 595
"D:/Files/Projects/Unreal Engine/LudumDare57/Content/Core/Blueprints/BP_CrackGlass.uasset" 596
"D:/Files/Projects/Unreal Engine/LudumDare57/Content/Core/Blueprints/BP_CrackGlass.uexp" 597
"../../../Engine/Content/BasicShapes/Plane.uasset" 598
"../../../Engine/Content/BasicShapes/Plane.uexp" 599
"../../../Engine/Plugins/Enterprise/DatasmithContent/Content/Materials/Water/Textures/T_Wavelets_N.ubulk" 600
"../../../Engine/Plugins/Enterprise/DatasmithContent/Content/Materials/Water/Textures/T_Wavelets_N.uasset" 601
"../../../Engine/Plugins/Enterprise/DatasmithContent/Content/Materials/Water/Textures/T_Wavelets_N.uexp" 602
"../../../Engine/Plugins/Enterprise/DatasmithContent/Content/Materials/_common/Textures/T_Generic_N.uasset" 603
"../../../Engine/Plugins/Enterprise/DatasmithContent/Content/Materials/_common/Textures/T_Generic_N.uexp" 604
"../../../Engine/Plugins/Enterprise/DatasmithContent/Content/Materials/Water/MaterialFunctions/MF_NLerp.uasset" 605
"../../../Engine/Plugins/Enterprise/DatasmithContent/Content/Materials/Water/MaterialFunctions/MF_NLerp.uexp" 606
"../../../Engine/Plugins/Enterprise/DatasmithContent/Content/Materials/Water/MaterialFunctions/MF_Motion_Normals.uasset" 607
"../../../Engine/Plugins/Enterprise/DatasmithContent/Content/Materials/Water/MaterialFunctions/MF_Motion_Normals.uexp" 608
"../../../Engine/Content/Functions/Engine_MaterialFunctions02/Texturing/CustomRotator.uasset" 609
"../../../Engine/Content/Functions/Engine_MaterialFunctions02/Texturing/CustomRotator.uexp" 610
"../../../Engine/Content/Functions/Engine_MaterialFunctions02/ExampleContent/Textures/LowResBlurredNoise.uasset" 611
"../../../Engine/Content/Functions/Engine_MaterialFunctions02/ExampleContent/Textures/LowResBlurredNoise.uexp" 612
"../../../Engine/Content/Functions/Engine_MaterialFunctions01/Coordinates/WorldPosition-XY.uasset" 613
"../../../Engine/Content/Functions/Engine_MaterialFunctions01/Coordinates/WorldPosition-XY.uexp" 614
"../../../Engine/Content/ArtTools/RenderToTexture/Textures/127grey.uasset" 615
"../../../Engine/Content/ArtTools/RenderToTexture/Textures/127grey.uexp" 616
"../../../Engine/Content/EngineMaterials/RandomVectors_WithXNeighbor.uasset" 617
"../../../Engine/Content/EngineMaterials/RandomVectors_WithXNeighbor.uexp" 618
"../../../Engine/Content/Functions/Engine_MaterialFunctions02/Utility/DitherTemporalAA.uasset" 619
"../../../Engine/Content/Functions/Engine_MaterialFunctions02/Utility/DitherTemporalAA.uexp" 620
"../../../Engine/Content/Functions/Engine_MaterialFunctions03/Texturing/TextureVariation_RotateUV.uasset" 621
"../../../Engine/Content/Functions/Engine_MaterialFunctions03/Texturing/TextureVariation_RotateUV.uexp" 622
"../../../Engine/Content/Functions/Engine_MaterialFunctions03/Texturing/TextureVariation.uasset" 623
"../../../Engine/Content/Functions/Engine_MaterialFunctions03/Texturing/TextureVariation.uexp" 624
"../../../Engine/Content/Functions/Engine_MaterialFunctions02/ExampleContent/Textures/flipbook.ubulk" 625
"../../../Engine/Content/Functions/Engine_MaterialFunctions02/ExampleContent/Textures/flipbook.uasset" 626
"../../../Engine/Content/Functions/Engine_MaterialFunctions02/ExampleContent/Textures/flipbook.uexp" 627
"../../../Engine/Plugins/Enterprise/DatasmithContent/Content/Materials/Water/MaterialFunctions/MF_FlipBook.uasset" 628
"../../../Engine/Plugins/Enterprise/DatasmithContent/Content/Materials/Water/MaterialFunctions/MF_FlipBook.uexp" 629
"../../../Engine/Plugins/Enterprise/DatasmithContent/Content/Materials/Water/Textures/T_Caustic_FlipBook.uasset" 630
"../../../Engine/Plugins/Enterprise/DatasmithContent/Content/Materials/Water/Textures/T_Caustic_FlipBook.uexp" 631
"../../../Engine/Content/Functions/Engine_MaterialFunctions02/Math/Pi.uasset" 632
"../../../Engine/Content/Functions/Engine_MaterialFunctions02/Math/Pi.uexp" 633
"../../../Engine/Plugins/Enterprise/DatasmithContent/Content/Materials/Water/MaterialFunctions/MF_Caustic.uasset" 634
"../../../Engine/Plugins/Enterprise/DatasmithContent/Content/Materials/Water/MaterialFunctions/MF_Caustic.uexp" 635
"../../../Engine/Plugins/Enterprise/DatasmithContent/Content/Materials/Water/Textures/T_Water_N.ubulk" 636
"../../../Engine/Plugins/Enterprise/DatasmithContent/Content/Materials/Water/Textures/T_Water_N.uasset" 637
"../../../Engine/Plugins/Enterprise/DatasmithContent/Content/Materials/Water/Textures/T_Water_N.uexp" 638
"../../../Engine/Plugins/Enterprise/DatasmithContent/Content/Materials/Water/Textures/T_WindGust_Mask.ubulk" 639
"../../../Engine/Plugins/Enterprise/DatasmithContent/Content/Materials/Water/Textures/T_WindGust_Mask.uasset" 640
"../../../Engine/Plugins/Enterprise/DatasmithContent/Content/Materials/Water/Textures/T_WindGust_Mask.uexp" 641
"../../../Engine/Plugins/Enterprise/DatasmithContent/Content/Materials/Water/Textures/T_Perlin_Mask.ubulk" 642
"../../../Engine/Plugins/Enterprise/DatasmithContent/Content/Materials/Water/Textures/T_Perlin_Mask.uasset" 643
"../../../Engine/Plugins/Enterprise/DatasmithContent/Content/Materials/Water/Textures/T_Perlin_Mask.uexp" 644
"../../../Engine/Plugins/Enterprise/DatasmithContent/Content/Materials/Water/MaterialFunctions/MF_Normals_Rotation_WS.uasset" 645
"../../../Engine/Plugins/Enterprise/DatasmithContent/Content/Materials/Water/MaterialFunctions/MF_Normals_Rotation_WS.uexp" 646
"../../../Engine/Content/Functions/Engine_MaterialFunctions01/Gradient/LinearGradient.uasset" 647
"../../../Engine/Content/Functions/Engine_MaterialFunctions01/Gradient/LinearGradient.uexp" 648
"../../../Engine/Content/Functions/Engine_MaterialFunctions01/ImageAdjustment/CheapContrast.uasset" 649
"../../../Engine/Content/Functions/Engine_MaterialFunctions01/ImageAdjustment/CheapContrast.uexp" 650
"../../../Engine/Plugins/Enterprise/DatasmithContent/Content/Materials/Water/MaterialFunctions/MF_Wind_Gusts_Normals.uasset" 651
"../../../Engine/Plugins/Enterprise/DatasmithContent/Content/Materials/Water/MaterialFunctions/MF_Wind_Gusts_Normals.uexp" 652
"../../../Engine/Plugins/Enterprise/DatasmithContent/Content/Materials/Water/MaterialFunctions/MF_NormalStrength_WS.uasset" 653
"../../../Engine/Plugins/Enterprise/DatasmithContent/Content/Materials/Water/MaterialFunctions/MF_NormalStrength_WS.uexp" 654
"../../../Engine/Plugins/Enterprise/DatasmithContent/Content/Materials/Water/Textures/T_WaterNormal01_N.ubulk" 655
"../../../Engine/Plugins/Enterprise/DatasmithContent/Content/Materials/Water/Textures/T_WaterNormal01_N.uasset" 656
"../../../Engine/Plugins/Enterprise/DatasmithContent/Content/Materials/Water/Textures/T_WaterNormal01_N.uexp" 657
"../../../Engine/Plugins/Enterprise/DatasmithContent/Content/Materials/Water/MaterialFunctions/MF_SamplePos2x2.uasset" 658
"../../../Engine/Plugins/Enterprise/DatasmithContent/Content/Materials/Water/MaterialFunctions/MF_SamplePos2x2.uexp" 659
"../../../Engine/Plugins/Enterprise/DatasmithContent/Content/Materials/Water/Textures/T_Water_LF_N.ubulk" 660
"../../../Engine/Plugins/Enterprise/DatasmithContent/Content/Materials/Water/Textures/T_Water_LF_N.uasset" 661
"../../../Engine/Plugins/Enterprise/DatasmithContent/Content/Materials/Water/Textures/T_Water_LF_N.uexp" 662
"../../../Engine/Content/Functions/Engine_MaterialFunctions02/Lerp_3Color.uasset" 663
"../../../Engine/Content/Functions/Engine_MaterialFunctions02/Lerp_3Color.uexp" 664
"../../../Engine/Plugins/Enterprise/DatasmithContent/Content/Materials/Water/MaterialFunctions/MF_Wave_3B_Normals.uasset" 665
"../../../Engine/Plugins/Enterprise/DatasmithContent/Content/Materials/Water/MaterialFunctions/MF_Wave_3B_Normals.uexp" 666
"../../../Engine/Plugins/Enterprise/DatasmithContent/Content/Materials/Water/MaterialFunctions/MF_RealDepth.uasset" 667
"../../../Engine/Plugins/Enterprise/DatasmithContent/Content/Materials/Water/MaterialFunctions/MF_RealDepth.uexp" 668
"../../../Engine/Plugins/Enterprise/DatasmithContent/Content/Materials/Water/MFAttr_Water.uasset" 669
"../../../Engine/Plugins/Enterprise/DatasmithContent/Content/Materials/Water/MFAttr_Water.uexp" 670
"D:/Files/Projects/Unreal Engine/LudumDare57/Content/Core/Materials/M_Water.uasset" 671
"D:/Files/Projects/Unreal Engine/LudumDare57/Content/Core/Materials/M_Water.uexp" 672
"../../../Engine/Content/EngineFonts/Faces/DroidSansMono.uexp" 673
"../../../Engine/Content/EngineFonts/Faces/DroidSansMono.uasset" 674
"../../../Engine/Content/EngineFonts/Faces/DroidSansMono.ufont" 675
"../../../Engine/Content/EngineFonts/DroidSansMono.uasset" 676
"../../../Engine/Content/EngineFonts/DroidSansMono.uexp" 677
"D:/Files/Projects/Unreal Engine/LudumDare57/Content/UI/WBP_Button.uasset" 678
"D:/Files/Projects/Unreal Engine/LudumDare57/Content/UI/WBP_Button.uexp" 679
"D:/Files/Projects/Unreal Engine/LudumDare57/Content/UI/WBP_Pause.uasset" 680
"D:/Files/Projects/Unreal Engine/LudumDare57/Content/UI/WBP_Pause.uexp" 681
"D:/Files/Projects/Unreal Engine/LudumDare57/Content/UI/WBP_WinWindow.uasset" 682
"D:/Files/Projects/Unreal Engine/LudumDare57/Content/UI/WBP_WinWindow.uexp" 683
"D:/Files/Projects/Unreal Engine/LudumDare57/Content/UI/WBP_GameOverWindow.uasset" 684
"D:/Files/Projects/Unreal Engine/LudumDare57/Content/UI/WBP_GameOverWindow.uexp" 685
"D:/Files/Projects/Unreal Engine/LudumDare57/Content/Core/Blueprints/BP_PalyerController.uasset" 686
"D:/Files/Projects/Unreal Engine/LudumDare57/Content/Core/Blueprints/BP_PalyerController.uexp" 687
"D:/Files/Projects/Unreal Engine/LudumDare57/Content/Core/Blueprints/BP_WaterPlane.uasset" 688
"D:/Files/Projects/Unreal Engine/LudumDare57/Content/Core/Blueprints/BP_WaterPlane.uexp" 689
"../../../Engine/Content/BasicShapes/Sphere.uasset" 690
"../../../Engine/Content/BasicShapes/Sphere.uexp" 691
"../../../Engine/Content/BasicShapes/Cylinder.uasset" 692
"../../../Engine/Content/BasicShapes/Cylinder.uexp" 693
"../../../Engine/Plugins/Developer/AnimationSharing/Content/AnimSharingBase.uasset" 694
"../../../Engine/Plugins/Developer/AnimationSharing/Content/AnimSharingBase.uexp" 695
"D:/Files/Projects/Unreal Engine/LudumDare57/Content/Core/Materials/M_Blue.uasset" 696
"D:/Files/Projects/Unreal Engine/LudumDare57/Content/Core/Materials/M_Blue.uexp" 697
"D:/Files/Projects/Unreal Engine/LudumDare57/Content/Core/Materials/M_Metal.uasset" 698
"D:/Files/Projects/Unreal Engine/LudumDare57/Content/Core/Materials/M_Metal.uexp" 699
"D:/Files/Projects/Unreal Engine/LudumDare57/Content/Core/Meshes/SM_Interactive_Crank_Wheel.uasset" 700
"D:/Files/Projects/Unreal Engine/LudumDare57/Content/Core/Meshes/SM_Interactive_Crank_Wheel.uexp" 701
"D:/Files/Projects/Unreal Engine/LudumDare57/Content/Core/Meshes/SM_Interactive_Crank.uasset" 702
"D:/Files/Projects/Unreal Engine/LudumDare57/Content/Core/Meshes/SM_Interactive_Crank.uexp" 703
"D:/Files/Projects/Unreal Engine/LudumDare57/Content/Core/Blueprints/BP_Crank.uasset" 704
"D:/Files/Projects/Unreal Engine/LudumDare57/Content/Core/Blueprints/BP_Crank.uexp" 705
"D:/Files/Projects/Unreal Engine/LudumDare57/Content/Core/Meshes/SM_Interactive_Switch.uasset" 706
"D:/Files/Projects/Unreal Engine/LudumDare57/Content/Core/Meshes/SM_Interactive_Switch.uexp" 707
"D:/Files/Projects/Unreal Engine/LudumDare57/Content/Core/Meshes/SM_Interactive_Switch_Handle.uasset" 708
"D:/Files/Projects/Unreal Engine/LudumDare57/Content/Core/Meshes/SM_Interactive_Switch_Handle.uexp" 709
"D:/Files/Projects/Unreal Engine/LudumDare57/Content/Core/Blueprints/BP_Lever.uasset" 710
"D:/Files/Projects/Unreal Engine/LudumDare57/Content/Core/Blueprints/BP_Lever.uexp" 711
"../../../Engine/Content/Functions/Engine_MaterialFunctions02/ExampleContent/DebugNumberStrip.uasset" 712
"../../../Engine/Content/Functions/Engine_MaterialFunctions02/ExampleContent/DebugNumberStrip.uexp" 713
"../../../Engine/Plugins/Enterprise/DatasmithContent/Content/Materials/FBXImporter/VRED/ProcessNormal.uasset" 714
"../../../Engine/Plugins/Enterprise/DatasmithContent/Content/Materials/FBXImporter/VRED/ProcessNormal.uexp" 715
"../../../Engine/Content/Functions/Engine_MaterialFunctions01/Texturing/ComputeMipLevel.uasset" 716
"../../../Engine/Content/Functions/Engine_MaterialFunctions01/Texturing/ComputeMipLevel.uexp" 717
"../../../Engine/Content/Functions/Engine_MaterialFunctions01/Texturing/TextureCropping.uasset" 718
"../../../Engine/Content/Functions/Engine_MaterialFunctions01/Texturing/TextureCropping.uexp" 719
"../../../Engine/Content/Functions/Engine_MaterialFunctions02/ExampleContent/Textures/DebugNumberPeriod.uasset" 720
"../../../Engine/Content/Functions/Engine_MaterialFunctions02/ExampleContent/Textures/DebugNumberPeriod.uexp" 721
"../../../Engine/Content/Functions/Engine_MaterialFunctions02/Utility/DebugScalarValues.uasset" 722
"../../../Engine/Content/Functions/Engine_MaterialFunctions02/Utility/DebugScalarValues.uexp" 723
"../../../Engine/Content/Functions/Engine_MaterialFunctions02/Utility/DebugFloat3Values.uasset" 724
"../../../Engine/Content/Functions/Engine_MaterialFunctions02/Utility/DebugFloat3Values.uexp" 725
"../../../Engine/Content/Functions/Engine_MaterialFunctions02/Utility/VectorLength.uasset" 726
"../../../Engine/Content/Functions/Engine_MaterialFunctions02/Utility/VectorLength.uexp" 727
"../../../Engine/Content/Functions/Engine_MaterialFunctions02/WorldPositionOffset/LocalPosition.uasset" 728
"../../../Engine/Content/Functions/Engine_MaterialFunctions02/WorldPositionOffset/LocalPosition.uexp" 729
"../../../Engine/Plugins/Enterprise/DatasmithContent/Content/Materials/FBXImporter/VRED/VREDRepeatMode.uasset" 730
"../../../Engine/Plugins/Enterprise/DatasmithContent/Content/Materials/FBXImporter/VRED/VREDRepeatMode.uexp" 731
"../../../Engine/Plugins/Enterprise/DatasmithContent/Content/Materials/FBXImporter/VRED/PlanarMapping.uasset" 732
"../../../Engine/Plugins/Enterprise/DatasmithContent/Content/Materials/FBXImporter/VRED/PlanarMapping.uexp" 733
"../../../Engine/Plugins/Enterprise/DatasmithContent/Content/Materials/FBXImporter/VRED/UVMapping.uasset" 734
"../../../Engine/Plugins/Enterprise/DatasmithContent/Content/Materials/FBXImporter/VRED/UVMapping.uexp" 735
"../../../Engine/Content/Functions/Engine_MaterialFunctions02/Math/RGBtoHSV.uasset" 736
"../../../Engine/Content/Functions/Engine_MaterialFunctions02/Math/RGBtoHSV.uexp" 737
"../../../Engine/Content/EngineResources/DefaultTexture.ubulk" 738
"../../../Engine/Content/EngineResources/DefaultTexture.uasset" 739
"../../../Engine/Content/EngineResources/DefaultTexture.uexp" 740
"../../../Engine/Content/Functions/Engine_MaterialFunctions02/WorldPositionOffset/ObjectScale.uasset" 741
"../../../Engine/Content/Functions/Engine_MaterialFunctions02/WorldPositionOffset/ObjectScale.uexp" 742
"../../../Engine/Plugins/Enterprise/DatasmithContent/Content/Materials/FBXImporter/VRED/TriplanarMapping.uasset" 743
"../../../Engine/Plugins/Enterprise/DatasmithContent/Content/Materials/FBXImporter/VRED/TriplanarMapping.uexp" 744
"../../../Engine/Plugins/Enterprise/DatasmithContent/Content/Materials/FBXImporter/VRED/VREDTextureRead.uasset" 745
"../../../Engine/Plugins/Enterprise/DatasmithContent/Content/Materials/FBXImporter/VRED/VREDTextureRead.uexp" 746
"../../../Engine/Content/Functions/Engine_MaterialFunctions02/Fresnel_Function.uasset" 747
"../../../Engine/Content/Functions/Engine_MaterialFunctions02/Fresnel_Function.uexp" 748
"../../../Engine/Content/Functions/Engine_MaterialFunctions01/Texturing/BakedDisplacement.uasset" 749
"../../../Engine/Content/Functions/Engine_MaterialFunctions01/Texturing/BakedDisplacement.uexp" 750
"D:/Files/Projects/Unreal Engine/LudumDare57/Content/Core/Materials/M_Glass.uasset" 751
"D:/Files/Projects/Unreal Engine/LudumDare57/Content/Core/Materials/M_Glass.uexp" 752
"D:/Files/Projects/Unreal Engine/LudumDare57/Content/Core/Meshes/SM_Pipe_Straight.uasset" 753
"D:/Files/Projects/Unreal Engine/LudumDare57/Content/Core/Meshes/SM_Pipe_Straight.uexp" 754
"../../../Engine/Content/EngineSky/T_Sky_Stars.ubulk" 755
"../../../Engine/Content/EngineSky/T_Sky_Stars.uasset" 756
"../../../Engine/Content/EngineSky/T_Sky_Stars.uexp" 757
"../../../Engine/Content/EngineSky/T_Sky_Clouds_M.ubulk" 758
"../../../Engine/Content/EngineSky/T_Sky_Clouds_M.uasset" 759
"../../../Engine/Content/EngineSky/T_Sky_Clouds_M.uexp" 760
"../../../Engine/Content/EngineSky/T_Sky_Blue.ubulk" 761
"../../../Engine/Content/EngineSky/T_Sky_Blue.uasset" 762
"../../../Engine/Content/EngineSky/T_Sky_Blue.uexp" 763
"../../../Engine/Content/EngineSky/M_Sky_Panning_Clouds2.uasset" 764
"../../../Engine/Content/EngineSky/M_Sky_Panning_Clouds2.uexp" 765
"../../../Engine/Content/EngineSky/SM_SkySphere.uasset" 766
"../../../Engine/Content/EngineSky/SM_SkySphere.uexp" 767
"../../../Engine/Content/EngineSky/M_SimpleSkyDome.uasset" 768
"../../../Engine/Content/EngineSky/M_SimpleSkyDome.uexp" 769
"D:/Files/Projects/Unreal Engine/LudumDare57/Content/Core/Meshes/SM_Pipe_Bend.uasset" 770
"D:/Files/Projects/Unreal Engine/LudumDare57/Content/Core/Meshes/SM_Pipe_Bend.uexp" 771
"D:/Files/Projects/Unreal Engine/LudumDare57/Content/Core/Meshes/DraftBatyscaphe.ubulk" 772
"D:/Files/Projects/Unreal Engine/LudumDare57/Content/Core/Meshes/DraftBatyscaphe.uasset" 773
"D:/Files/Projects/Unreal Engine/LudumDare57/Content/Core/Meshes/DraftBatyscaphe.uexp" 774
"D:/Files/Projects/Unreal Engine/LudumDare57/Content/Core/Meshes/SM_Helm.uasset" 775
"D:/Files/Projects/Unreal Engine/LudumDare57/Content/Core/Meshes/SM_Helm.uexp" 776
"D:/Files/Projects/Unreal Engine/LudumDare57/Content/Core/Blueprints/BP_Helm.uasset" 777
"D:/Files/Projects/Unreal Engine/LudumDare57/Content/Core/Blueprints/BP_Helm.uexp" 778
"../../../Engine/Content/Maps/Entry_BuiltData.uasset" 779
"../../../Engine/Content/Maps/Entry_BuiltData.uexp" 780
"../../../Engine/Content/Maps/Entry.uexp" 781
"../../../Engine/Content/Maps/Entry.umap" 782
"D:/Files/Projects/Unreal Engine/LudumDare57/Content/UI/WBP_OptionMenu.uasset" 783
"D:/Files/Projects/Unreal Engine/LudumDare57/Content/UI/WBP_OptionMenu.uexp" 784
"D:/Files/Projects/Unreal Engine/LudumDare57/Content/UI/WBP_MainMenu.uasset" 785
"D:/Files/Projects/Unreal Engine/LudumDare57/Content/UI/WBP_MainMenu.uexp" 786
"D:/Files/Projects/Unreal Engine/LudumDare57/Content/Core/Blueprints/BP_MenuGameMode.uasset" 787
"D:/Files/Projects/Unreal Engine/LudumDare57/Content/Core/Blueprints/BP_MenuGameMode.uexp" 788
"D:/Files/Projects/Unreal Engine/LudumDare57/Content/MenuMap.uexp" 789
"D:/Files/Projects/Unreal Engine/LudumDare57/Content/MenuMap.umap" 790
"D:/Files/Projects/Unreal Engine/LudumDare57/Content/UI/WBP_MainHUD.uasset" 791
"D:/Files/Projects/Unreal Engine/LudumDare57/Content/UI/WBP_MainHUD.uexp" 792
"D:/Files/Projects/Unreal Engine/LudumDare57/Content/Core/Blueprints/BP_HUD.uasset" 793
"D:/Files/Projects/Unreal Engine/LudumDare57/Content/Core/Blueprints/BP_HUD.uexp" 794
"D:/Files/Projects/Unreal Engine/LudumDare57/Content/Core/Blueprints/BP_MainGameMode.uasset" 795
"D:/Files/Projects/Unreal Engine/LudumDare57/Content/Core/Blueprints/BP_MainGameMode.uexp" 796
"D:/Files/Projects/Unreal Engine/LudumDare57/Content/GameMap.uexp" 797
"D:/Files/Projects/Unreal Engine/LudumDare57/Content/GameMap.umap" 798
